<?xml version="1.0" encoding="UTF-8"?>
<testng-results ignored="0" total="4" passed="3" failed="1" skipped="0">
  <reporter-output>
  </reporter-output>
  <suite started-at="2024-08-12T17:01:21 IST" name="Default suite" finished-at="2024-08-12T17:01:56 IST" duration-ms="35193">
    <groups>
    </groups>
    <test started-at="2024-08-12T17:01:21 IST" name="Default test" finished-at="2024-08-12T17:01:56 IST" duration-ms="35193">
      <class name="forTroubleShootingTest.Testtest">
        <test-method is-config="true" signature="initializeExReports()[pri:0, instance:forTroubleShootingTest.Testtest@76a2ddf3]" started-at="2024-08-12T17:01:21 IST" name="initializeExReports" finished-at="2024-08-12T17:01:21 IST" duration-ms="160" status="PASS">
          <reporter-output>
          </reporter-output>
        </test-method> <!-- initializeExReports -->
        <test-method is-config="true" signature="openBrowser()[pri:0, instance:forTroubleShootingTest.Testtest@76a2ddf3]" started-at="2024-08-12T17:01:21 IST" name="openBrowser" finished-at="2024-08-12T17:01:36 IST" duration-ms="15154" status="PASS">
          <reporter-output>
          </reporter-output>
        </test-method> <!-- openBrowser -->
        <test-method signature="test1dewesh()[pri:0, instance:forTroubleShootingTest.Testtest@76a2ddf3]" started-at="2024-08-12T17:01:36 IST" name="test1dewesh" finished-at="2024-08-12T17:01:36 IST" duration-ms="26" status="PASS">
          <reporter-output>
          </reporter-output>
        </test-method> <!-- test1dewesh -->
        <test-method is-config="true" signature="closeBrowser()[pri:0, instance:forTroubleShootingTest.Testtest@76a2ddf3]" started-at="2024-08-12T17:01:36 IST" name="closeBrowser" finished-at="2024-08-12T17:01:40 IST" duration-ms="3572" status="PASS">
          <reporter-output>
          </reporter-output>
        </test-method> <!-- closeBrowser -->
        <test-method is-config="true" signature="openBrowser()[pri:0, instance:forTroubleShootingTest.Testtest@76a2ddf3]" started-at="2024-08-12T17:01:40 IST" name="openBrowser" finished-at="2024-08-12T17:01:42 IST" duration-ms="1981" status="PASS">
          <reporter-output>
          </reporter-output>
        </test-method> <!-- openBrowser -->
        <test-method signature="test2()[pri:0, instance:forTroubleShootingTest.Testtest@76a2ddf3]" started-at="2024-08-12T17:01:42 IST" name="test2" finished-at="2024-08-12T17:01:42 IST" duration-ms="2" status="FAIL">
          <exception class="java.lang.AssertionError">
            <message>
              <![CDATA[TF expected [true] but found [false]]]>
            </message>
            <full-stacktrace>
              <![CDATA[java.lang.AssertionError: TF expected [true] but found [false]
at org.testng.Assert.fail(Assert.java:99)
at org.testng.Assert.failNotEquals(Assert.java:1037)
at org.testng.Assert.assertEqualsImpl(Assert.java:140)
at org.testng.Assert.assertEquals(Assert.java:122)
at org.testng.Assert.assertEquals(Assert.java:819)
at forTroubleShootingTest.Testtest.test2(Testtest.java:25)
at java.base/jdk.internal.reflect.DirectMethodHandleAccessor.invoke(DirectMethodHandleAccessor.java:103)
at java.base/java.lang.reflect.Method.invoke(Method.java:580)
at org.testng.internal.MethodInvocationHelper.invokeMethod(MethodInvocationHelper.java:133)
at org.testng.internal.TestInvoker.invokeMethod(TestInvoker.java:598)
at org.testng.internal.TestInvoker.invokeTestMethod(TestInvoker.java:173)
at org.testng.internal.MethodRunner.runInSequence(MethodRunner.java:46)
at org.testng.internal.TestInvoker$MethodInvocationAgent.invoke(TestInvoker.java:824)
at org.testng.internal.TestInvoker.invokeTestMethods(TestInvoker.java:146)
at org.testng.internal.TestMethodWorker.invokeTestMethods(TestMethodWorker.java:146)
at org.testng.internal.TestMethodWorker.run(TestMethodWorker.java:128)
at java.base/java.util.ArrayList.forEach(ArrayList.java:1596)
at org.testng.TestRunner.privateRun(TestRunner.java:794)
at org.testng.TestRunner.run(TestRunner.java:596)
at org.testng.SuiteRunner.runTest(SuiteRunner.java:377)
at org.testng.SuiteRunner.runSequentially(SuiteRunner.java:371)
at org.testng.SuiteRunner.privateRun(SuiteRunner.java:332)
at org.testng.SuiteRunner.run(SuiteRunner.java:276)
at org.testng.SuiteRunnerWorker.runSuite(SuiteRunnerWorker.java:53)
at org.testng.SuiteRunnerWorker.run(SuiteRunnerWorker.java:96)
at org.testng.TestNG.runSuitesSequentially(TestNG.java:1212)
at org.testng.TestNG.runSuitesLocally(TestNG.java:1134)
at org.testng.TestNG.runSuites(TestNG.java:1063)
at org.testng.TestNG.run(TestNG.java:1031)
at org.testng.remote.AbstractRemoteTestNG.run(AbstractRemoteTestNG.java:115)
at org.testng.remote.RemoteTestNG.initAndRun(RemoteTestNG.java:293)
at org.testng.remote.RemoteTestNG.main(RemoteTestNG.java:91)
]]>
            </full-stacktrace>
          </exception> <!-- java.lang.AssertionError -->
          <reporter-output>
          </reporter-output>
        </test-method> <!-- test2 -->
        <test-method is-config="true" signature="closeBrowser()[pri:0, instance:forTroubleShootingTest.Testtest@76a2ddf3]" started-at="2024-08-12T17:01:42 IST" name="closeBrowser" finished-at="2024-08-12T17:01:45 IST" duration-ms="3558" status="PASS">
          <reporter-output>
          </reporter-output>
        </test-method> <!-- closeBrowser -->
        <test-method is-config="true" signature="openBrowser()[pri:0, instance:forTroubleShootingTest.Testtest@76a2ddf3]" started-at="2024-08-12T17:01:45 IST" name="openBrowser" finished-at="2024-08-12T17:01:47 IST" duration-ms="1863" status="PASS">
          <reporter-output>
          </reporter-output>
        </test-method> <!-- openBrowser -->
        <test-method signature="test3()[pri:0, instance:forTroubleShootingTest.Testtest@76a2ddf3]" started-at="2024-08-12T17:01:47 IST" name="test3" finished-at="2024-08-12T17:01:47 IST" duration-ms="2" status="PASS">
          <reporter-output>
          </reporter-output>
        </test-method> <!-- test3 -->
        <test-method is-config="true" signature="closeBrowser()[pri:0, instance:forTroubleShootingTest.Testtest@76a2ddf3]" started-at="2024-08-12T17:01:47 IST" name="closeBrowser" finished-at="2024-08-12T17:01:51 IST" duration-ms="3556" status="PASS">
          <reporter-output>
          </reporter-output>
        </test-method> <!-- closeBrowser -->
        <test-method is-config="true" signature="openBrowser()[pri:0, instance:forTroubleShootingTest.Testtest@76a2ddf3]" started-at="2024-08-12T17:01:51 IST" name="openBrowser" finished-at="2024-08-12T17:01:52 IST" duration-ms="1848" status="PASS">
          <reporter-output>
          </reporter-output>
        </test-method> <!-- openBrowser -->
        <test-method signature="test4()[pri:0, instance:forTroubleShootingTest.Testtest@76a2ddf3]" started-at="2024-08-12T17:01:52 IST" name="test4" finished-at="2024-08-12T17:01:52 IST" depends-on-methods="forTroubleShootingTest.Testtest.test3" duration-ms="2" status="PASS">
          <reporter-output>
          </reporter-output>
        </test-method> <!-- test4 -->
        <test-method is-config="true" signature="closeBrowser()[pri:0, instance:forTroubleShootingTest.Testtest@76a2ddf3]" started-at="2024-08-12T17:01:52 IST" name="closeBrowser" finished-at="2024-08-12T17:01:56 IST" duration-ms="3561" status="PASS">
          <reporter-output>
          </reporter-output>
        </test-method> <!-- closeBrowser -->
        <test-method is-config="true" signature="generateExReports()[pri:0, instance:forTroubleShootingTest.Testtest@76a2ddf3]" started-at="2024-08-12T17:01:56 IST" name="generateExReports" finished-at="2024-08-12T17:01:56 IST" duration-ms="190" status="PASS">
          <reporter-output>
          </reporter-output>
        </test-method> <!-- generateExReports -->
      </class> <!-- forTroubleShootingTest.Testtest -->
    </test> <!-- Default test -->
  </suite> <!-- Default suite -->
</testng-results>
